0 info it worked if it ends with ok
1 verbose cli [ 'node', '/usr/local/bin/npm', 'install', '-g', 'browser-sync' ]
2 info using npm@1.4.28
3 info using node@v0.10.33
4 verbose cache add [ 'browser-sync', null ]
5 verbose cache add name=undefined spec="browser-sync" args=["browser-sync",null]
6 verbose parsed url { protocol: null,
6 verbose parsed url   slashes: null,
6 verbose parsed url   auth: null,
6 verbose parsed url   host: null,
6 verbose parsed url   port: null,
6 verbose parsed url   hostname: null,
6 verbose parsed url   hash: null,
6 verbose parsed url   search: null,
6 verbose parsed url   query: null,
6 verbose parsed url   pathname: 'browser-sync',
6 verbose parsed url   path: 'browser-sync',
6 verbose parsed url   href: 'browser-sync' }
7 silly lockFile 6d7be3df-browser-sync browser-sync
8 verbose lock browser-sync /Users/mbp/.npm/6d7be3df-browser-sync.lock
9 silly lockFile 6d7be3df-browser-sync browser-sync
10 silly lockFile 6d7be3df-browser-sync browser-sync
11 verbose addNamed [ 'browser-sync', '' ]
12 verbose addNamed [ null, '*' ]
13 silly lockFile 6373e9ab-browser-sync browser-sync@
14 verbose lock browser-sync@ /Users/mbp/.npm/6373e9ab-browser-sync.lock
15 silly addNameRange { name: 'browser-sync', range: '*', hasData: false }
16 verbose request where is /browser-sync
17 verbose request registry https://registry.npmjs.org/
18 verbose request id f951ae8333ebb051
19 verbose url raw /browser-sync
20 verbose url resolving [ 'https://registry.npmjs.org/', './browser-sync' ]
21 verbose url resolved https://registry.npmjs.org/browser-sync
22 verbose request where is https://registry.npmjs.org/browser-sync
23 info trying registry request attempt 1 at 11:29:19
24 http GET https://registry.npmjs.org/browser-sync
25 http 200 https://registry.npmjs.org/browser-sync
26 silly registry.get cb [ 200,
26 silly registry.get   { date: 'Wed, 19 Nov 2014 16:27:34 GMT',
26 silly registry.get     server: 'CouchDB/1.5.0 (Erlang OTP/R16B03)',
26 silly registry.get     etag: '"95UL0OYQ2DF366QCW1M38VTIY"',
26 silly registry.get     'content-type': 'application/json',
26 silly registry.get     'cache-control': 'max-age=60',
26 silly registry.get     'content-length': '182529',
26 silly registry.get     'accept-ranges': 'bytes',
26 silly registry.get     via: '1.1 varnish',
26 silly registry.get     age: '44',
26 silly registry.get     'x-served-by': 'cache-iad2136-IAD',
26 silly registry.get     'x-cache': 'HIT',
26 silly registry.get     'x-cache-hits': '1',
26 silly registry.get     'x-timer': 'S1416414454.170301,VS0,VE1',
26 silly registry.get     vary: 'Accept',
26 silly registry.get     'keep-alive': 'timeout=10, max=50',
26 silly registry.get     connection: 'Keep-Alive' } ]
27 silly addNameRange number 2 { name: 'browser-sync', range: '*', hasData: true }
28 silly addNameRange versions [ 'browser-sync',
28 silly addNameRange   [ '0.1.0',
28 silly addNameRange     '0.1.1',
28 silly addNameRange     '0.1.3',
28 silly addNameRange     '0.1.5',
28 silly addNameRange     '0.1.6',
28 silly addNameRange     '0.1.7',
28 silly addNameRange     '0.1.8',
28 silly addNameRange     '0.1.9',
28 silly addNameRange     '0.1.10',
28 silly addNameRange     '0.2.0',
28 silly addNameRange     '0.2.1',
28 silly addNameRange     '0.3.0',
28 silly addNameRange     '0.3.1',
28 silly addNameRange     '0.3.2',
28 silly addNameRange     '0.3.3',
28 silly addNameRange     '0.3.4',
28 silly addNameRange     '0.3.5',
28 silly addNameRange     '0.3.6',
28 silly addNameRange     '0.3.7',
28 silly addNameRange     '0.3.8',
28 silly addNameRange     '0.3.10',
28 silly addNameRange     '0.4.0',
28 silly addNameRange     '0.4.1',
28 silly addNameRange     '0.4.2',
28 silly addNameRange     '0.4.21',
28 silly addNameRange     '0.4.3',
28 silly addNameRange     '0.4.4',
28 silly addNameRange     '0.4.5',
28 silly addNameRange     '0.4.6',
28 silly addNameRange     '0.4.7',
28 silly addNameRange     '0.4.8',
28 silly addNameRange     '0.4.9',
28 silly addNameRange     '0.4.10',
28 silly addNameRange     '0.4.11',
28 silly addNameRange     '0.4.12',
28 silly addNameRange     '0.5.0',
28 silly addNameRange     '0.5.1',
28 silly addNameRange     '0.5.2',
28 silly addNameRange     '0.5.3',
28 silly addNameRange     '0.5.4',
28 silly addNameRange     '0.5.5',
28 silly addNameRange     '0.5.6',
28 silly addNameRange     '0.5.7',
28 silly addNameRange     '0.5.8',
28 silly addNameRange     '0.5.9',
28 silly addNameRange     '0.6.0',
28 silly addNameRange     '0.6.1',
28 silly addNameRange     '0.6.2',
28 silly addNameRange     '0.7.0',
28 silly addNameRange     '0.7.1',
28 silly addNameRange     '0.7.2',
28 silly addNameRange     '0.7.3',
28 silly addNameRange     '0.7.4',
28 silly addNameRange     '0.7.5',
28 silly addNameRange     '0.7.7',
28 silly addNameRange     '0.8.0',
28 silly addNameRange     '0.8.1',
28 silly addNameRange     '0.8.2',
28 silly addNameRange     '0.9.0',
28 silly addNameRange     '0.9.1',
28 silly addNameRange     '1.0.0',
28 silly addNameRange     '1.1.0',
28 silly addNameRange     '1.1.1',
28 silly addNameRange     '1.1.2',
28 silly addNameRange     '1.2.0',
28 silly addNameRange     '1.2.1',
28 silly addNameRange     '1.3.0',
28 silly addNameRange     '1.3.2',
28 silly addNameRange     '1.3.3',
28 silly addNameRange     '1.3.4',
28 silly addNameRange     '1.3.5',
28 silly addNameRange     '1.3.6',
28 silly addNameRange     '1.3.7',
28 silly addNameRange     '1.5.0',
28 silly addNameRange     '1.5.1',
28 silly addNameRange     '1.5.2',
28 silly addNameRange     '1.5.3',
28 silly addNameRange     '1.5.4',
28 silly addNameRange     '1.5.5',
28 silly addNameRange     '1.5.6',
28 silly addNameRange     '1.5.7',
28 silly addNameRange     '1.5.8',
28 silly addNameRange     '1.5.9',
28 silly addNameRange     '1.6.0',
28 silly addNameRange     '1.6.1',
28 silly addNameRange     '1.6.2',
28 silly addNameRange     '1.6.3',
28 silly addNameRange     '1.6.4',
28 silly addNameRange     '1.6.5',
28 silly addNameRange     '1.7.0' ] ]
29 verbose addNamed [ 'browser-sync', '1.7.0' ]
30 verbose addNamed [ '1.7.0', '1.7.0' ]
31 silly lockFile 762625eb-browser-sync-1-7-0 browser-sync@1.7.0
32 verbose lock browser-sync@1.7.0 /Users/mbp/.npm/762625eb-browser-sync-1-7-0.lock
33 silly lockFile 0663bfbd-wser-sync-browser-sync-1-7-0-tgz https://registry.npmjs.org/browser-sync/-/browser-sync-1.7.0.tgz
34 verbose lock https://registry.npmjs.org/browser-sync/-/browser-sync-1.7.0.tgz /Users/mbp/.npm/0663bfbd-wser-sync-browser-sync-1-7-0-tgz.lock
35 verbose addRemoteTarball [ 'https://registry.npmjs.org/browser-sync/-/browser-sync-1.7.0.tgz',
35 verbose addRemoteTarball   'fa7be514091072d1caed6f33d6c50f116e2c0af0' ]
36 info retry fetch attempt 1 at 11:29:20
37 verbose fetch to= /var/folders/cc/413y79_s7kb2qrrr2h44_jqr0000gn/T/npm-18988-y2r8vePN/registry.npmjs.org/browser-sync/-/browser-sync-1.7.0.tgz
38 http GET https://registry.npmjs.org/browser-sync/-/browser-sync-1.7.0.tgz
39 http 200 https://registry.npmjs.org/browser-sync/-/browser-sync-1.7.0.tgz
40 silly lockFile 0663bfbd-wser-sync-browser-sync-1-7-0-tgz https://registry.npmjs.org/browser-sync/-/browser-sync-1.7.0.tgz
41 silly lockFile 0663bfbd-wser-sync-browser-sync-1-7-0-tgz https://registry.npmjs.org/browser-sync/-/browser-sync-1.7.0.tgz
42 silly lockFile 762625eb-browser-sync-1-7-0 browser-sync@1.7.0
43 silly lockFile 762625eb-browser-sync-1-7-0 browser-sync@1.7.0
44 silly lockFile 6373e9ab-browser-sync browser-sync@
45 silly lockFile 6373e9ab-browser-sync browser-sync@
46 silly resolved [ { name: 'browser-sync',
46 silly resolved     description: 'Live CSS Reload & Browser Syncing',
46 silly resolved     version: '1.7.0',
46 silly resolved     homepage: 'https://github.com/shakyshane/browser-sync',
46 silly resolved     author: { name: 'Shane Osbourne' },
46 silly resolved     repository:
46 silly resolved      { type: 'git',
46 silly resolved        url: 'git://github.com/shakyshane/browser-sync.git' },
46 silly resolved     bugs: { url: 'https://github.com/shakyshane/browser-sync/issues' },
46 silly resolved     licenses: [ [Object] ],
46 silly resolved     main: 'index.js',
46 silly resolved     engines: { node: '>= 0.8.0' },
46 silly resolved     scripts:
46 silly resolved      { test: 'npm run lint && node ./test/env.js && npm run unit',
46 silly resolved        lint: 'gulp lint',
46 silly resolved        unit: 'mocha --recursive test/specs --reporter spec --timeout 10000',
46 silly resolved        cover: 'node ./test/env.js && istanbul cover _mocha --report lcovonly -- -R spec --timeout 10000 --recursive ./test/specs && istanbul-coveralls',
46 silly resolved        _cover: 'istanbul cover _mocha --report lcovonly -- -R spec --timeout 10000 --recursive ./test/specs && istanbul-coveralls',
46 silly resolved        'pre-release': 'npm test && node test/protractor/setup.js && protractor test/protractor/config.single.js' },
46 silly resolved     dependencies:
46 silly resolved      { 'browser-sync-client': '^0.4.2',
46 silly resolved        commander: '^2.3.0',
46 silly resolved        connect: '^3.2.0',
46 silly resolved        'dev-ip': '^0.1.7',
46 silly resolved        'easy-extender': '^2.0.0',
46 silly resolved        'eazy-logger': '^1.4.0',
46 silly resolved        'emitter-steward': '^0.0.1',
46 silly resolved        foxy: '^5.0.1',
46 silly resolved        'glob-watcher': '^0.0.6',
46 silly resolved        localtunnel: '^1.3.0',
46 silly resolved        lodash: '^2.4.1',
46 silly resolved        minimist: '^1.1.0',
46 silly resolved        'object-path': '^0.6.0',
46 silly resolved        opn: '^1.0.0',
46 silly resolved        'opt-merger': '^1.1.0',
46 silly resolved        'portscanner-plus': '^0.1.0',
46 silly resolved        'resp-modifier': '^1.0.0',
46 silly resolved        'serve-index': '^1.1.5',
46 silly resolved        'serve-static': '^1.4.2',
46 silly resolved        'socket.io': '^1.1.0',
46 silly resolved        tfunk: '^2.0.2',
46 silly resolved        'ua-parser-js': '^0.7.0' },
46 silly resolved     devDependencies:
46 silly resolved      { async: '^0.9.0',
46 silly resolved        chai: '^1.9.1',
46 silly resolved        chalk: '^0.5.1',
46 silly resolved        'cli-color': '^0.3.2',
46 silly resolved        'conventional-changelog': '^0.0.11',
46 silly resolved        'graceful-fs': '^3.0.2',
46 silly resolved        gulp: '^3.8.6',
46 silly resolved        'gulp-contribs': '^0.0.2',
46 silly resolved        'gulp-filter': '^1.0.0',
46 silly resolved        'gulp-jscs': '^1.1.2',
46 silly resolved        'gulp-jshint': '^1.8.0',
46 silly resolved        'gulp-ruby-sass': '^0.7.1',
46 silly resolved        'gulp-yuidoc': '^0.1.2',
46 silly resolved        'istanbul-coveralls': '^1.0.0',
46 silly resolved        mocha: '*',
46 silly resolved        'mocha-lcov-reporter': '^0.0.1',
46 silly resolved        multiline: '^1.0.1',
46 silly resolved        portscanner: '^1.0.0',
46 silly resolved        q: '^1.0.1',
46 silly resolved        sinon: '^1.10.3',
46 silly resolved        slugify: '^0.1.0',
46 silly resolved        'socket.io-client': '^1.1.0',
46 silly resolved        supertest: '^0.15.0',
46 silly resolved        vinyl: '^0.4.3' },
46 silly resolved     keywords: [ 'browser sync', 'css', 'live reload', 'sync' ],
46 silly resolved     bin: { 'browser-sync': './bin/browser-sync' },
46 silly resolved     gitHead: 'd9ad0219c07f4e1b41f2098345c3fd3c6cdaa786',
46 silly resolved     _id: 'browser-sync@1.7.0',
46 silly resolved     _shasum: 'fa7be514091072d1caed6f33d6c50f116e2c0af0',
46 silly resolved     _from: 'browser-sync@',
46 silly resolved     _npmVersion: '2.0.0',
46 silly resolved     _npmUser: { name: 'shakyshane', email: 'shakyshane@gmail.com' },
46 silly resolved     maintainers: [ [Object] ],
46 silly resolved     dist:
46 silly resolved      { shasum: 'fa7be514091072d1caed6f33d6c50f116e2c0af0',
46 silly resolved        tarball: 'http://registry.npmjs.org/browser-sync/-/browser-sync-1.7.0.tgz' },
46 silly resolved     directories: {},
46 silly resolved     _resolved: 'https://registry.npmjs.org/browser-sync/-/browser-sync-1.7.0.tgz' } ]
47 info install browser-sync@1.7.0 into /usr/local/lib
48 info installOne browser-sync@1.7.0
49 verbose lib/node_modules/browser-sync unbuild
50 verbose tar unpack /Users/mbp/.npm/browser-sync/1.7.0/package.tgz
51 silly lockFile f9e3018c-al-lib-node-modules-browser-sync tar:///usr/local/lib/node_modules/browser-sync
52 verbose lock tar:///usr/local/lib/node_modules/browser-sync /Users/mbp/.npm/f9e3018c-al-lib-node-modules-browser-sync.lock
53 silly lockFile 5d745365-m-browser-sync-1-7-0-package-tgz tar:///Users/mbp/.npm/browser-sync/1.7.0/package.tgz
54 verbose lock tar:///Users/mbp/.npm/browser-sync/1.7.0/package.tgz /Users/mbp/.npm/5d745365-m-browser-sync-1-7-0-package-tgz.lock
55 silly gunzTarPerm modes [ '755', '644' ]
56 error Error: EACCES, mkdir '/usr/local/lib/node_modules/browser-sync'
56 error  { [Error: EACCES, mkdir '/usr/local/lib/node_modules/browser-sync']
56 error   errno: 3,
56 error   code: 'EACCES',
56 error   path: '/usr/local/lib/node_modules/browser-sync',
56 error   fstream_type: 'Directory',
56 error   fstream_path: '/usr/local/lib/node_modules/browser-sync',
56 error   fstream_class: 'DirWriter',
56 error   fstream_stack:
56 error    [ '/usr/local/lib/node_modules/npm/node_modules/fstream/lib/dir-writer.js:36:23',
56 error      '/usr/local/lib/node_modules/npm/node_modules/mkdirp/index.js:46:53',
56 error      'Object.oncomplete (fs.js:107:15)' ] }
57 error Please try running this command again as root/Administrator.
58 error System Darwin 14.0.0
59 error command "node" "/usr/local/bin/npm" "install" "-g" "browser-sync"
60 error cwd /Users/mbp/TIY-Assignments/28--MoreData-Nova/Forms
61 error node -v v0.10.33
62 error npm -v 1.4.28
63 error path /usr/local/lib/node_modules/browser-sync
64 error fstream_path /usr/local/lib/node_modules/browser-sync
65 error fstream_type Directory
66 error fstream_class DirWriter
67 error code EACCES
68 error errno 3
69 error stack Error: EACCES, mkdir '/usr/local/lib/node_modules/browser-sync'
70 error fstream_stack /usr/local/lib/node_modules/npm/node_modules/fstream/lib/dir-writer.js:36:23
70 error fstream_stack /usr/local/lib/node_modules/npm/node_modules/mkdirp/index.js:46:53
70 error fstream_stack Object.oncomplete (fs.js:107:15)
71 verbose exit [ 3, true ]
